<?xml version="1.0" encoding="UTF-8"?>
<!-- Generated by org.testng.reporters.JUnitReportReporter -->
<testsuite hostname="Ryota" failures="0" tests="10" name="ultimateQATesting.ultimateQA" time="5.725" errors="0" timestamp="2024-09-05T19:35:50 AST" skipped="0">
  <testcase classname="ultimateQATesting.ultimateQA" name="first" time="0.095"/>
  <system-out/>
  <testcase classname="ultimateQATesting.ultimateQA" name="link2" time="0.368"/>
  <system-out/>
  <testcase classname="ultimateQATesting.ultimateQA" name="second" time="0.230"/>
  <system-out/>
  <testcase classname="ultimateQATesting.ultimateQA" name="link3" time="0.709"/>
  <system-out/>
  <testcase classname="ultimateQATesting.ultimateQA" name="third" time="0.183"/>
  <system-out/>
  <testcase classname="ultimateQATesting.ultimateQA" name="link4" time="0.380"/>
  <system-out/>
  <testcase classname="ultimateQATesting.ultimateQA" name="emergencyInfo" time="0.447"/>
  <system-out/>
  <testcase classname="ultimateQATesting.ultimateQA" name="link5" time="0.398"/>
  <system-out/>
  <testcase classname="ultimateQATesting.ultimateQA" name="submit" time="2.830"/>
  <system-out/>
  <testcase classname="ultimateQATesting.ultimateQA" name="animal" time="0.085"/>
  <system-out/>
</testsuite> <!-- ultimateQATesting.ultimateQA -->
