<?xml version="1.0" encoding="UTF-8"?>
<!-- Generated by org.testng.reporters.JUnitReportReporter -->
<testsuite hostname="Ryota" failures="0" tests="10" name="ultimateQATesting.ultimateQA" time="8.732" errors="0" timestamp="2024-09-05T18:25:30 AST" skipped="0">
  <testcase classname="ultimateQATesting.ultimateQA" name="first" time="0.103"/>
  <system-out/>
  <testcase classname="ultimateQATesting.ultimateQA" name="link2" time="0.351"/>
  <system-out/>
  <testcase classname="ultimateQATesting.ultimateQA" name="second" time="0.205"/>
  <system-out/>
  <testcase classname="ultimateQATesting.ultimateQA" name="link3" time="0.496"/>
  <system-out/>
  <testcase classname="ultimateQATesting.ultimateQA" name="third" time="0.244"/>
  <system-out/>
  <testcase classname="ultimateQATesting.ultimateQA" name="link4" time="0.375"/>
  <system-out/>
  <testcase classname="ultimateQATesting.ultimateQA" name="emergencyInfo" time="0.442"/>
  <system-out/>
  <testcase classname="ultimateQATesting.ultimateQA" name="link5" time="0.615"/>
  <system-out/>
  <testcase classname="ultimateQATesting.ultimateQA" name="submit" time="2.480"/>
  <system-out/>
  <testcase classname="ultimateQATesting.ultimateQA" name="animal" time="3.421"/>
  <system-out/>
</testsuite> <!-- ultimateQATesting.ultimateQA -->
