<?xml version="1.0" encoding="UTF-8"?>
<!-- Generated by org.testng.reporters.JUnitReportReporter -->
<testsuite hostname="Ryota" failures="0" tests="1" name="ultimateQATesting.ultimateQA" time="2.214" errors="0" timestamp="2024-09-02T18:39:53 AST" skipped="0">
  <testcase classname="ultimateQATesting.ultimateQA" name="firstCase" time="2.214"/>
  <system-out/>
</testsuite> <!-- ultimateQATesting.ultimateQA -->
